<?xml version="1.0" encoding="UTF-8"?>
<testng-results ignored="0" total="1" passed="1" failed="0" skipped="0">
  <reporter-output>
  </reporter-output>
  <suite started-at="2022-06-26T14:38:34 IST" name="Default suite" finished-at="2022-06-26T14:38:44 IST" duration-ms="9693">
    <groups>
    </groups>
    <test started-at="2022-06-26T14:38:34 IST" name="Default test" finished-at="2022-06-26T14:38:44 IST" duration-ms="9693">
      <class name="testcases.LoginPageTest">
        <test-method is-config="true" signature="openFirefoxBroser()[pri:0, instance:testcases.LoginPageTest@306e95ec]" started-at="2022-06-26T14:38:34 IST" name="openFirefoxBroser" finished-at="2022-06-26T14:38:42 IST" duration-ms="7773" status="PASS">
          <reporter-output>
          </reporter-output>
        </test-method> <!-- openFirefoxBroser -->
        <test-method signature="LoginTest()[pri:0, instance:testcases.LoginPageTest@306e95ec]" started-at="2022-06-26T14:38:42 IST" name="LoginTest" finished-at="2022-06-26T14:38:43 IST" duration-ms="685" status="PASS">
          <reporter-output>
          </reporter-output>
        </test-method> <!-- LoginTest -->
        <test-method is-config="true" signature="tearDown()[pri:0, instance:testcases.LoginPageTest@306e95ec]" started-at="2022-06-26T14:38:43 IST" name="tearDown" finished-at="2022-06-26T14:38:44 IST" duration-ms="1141" status="PASS">
          <reporter-output>
          </reporter-output>
        </test-method> <!-- tearDown -->
      </class> <!-- testcases.LoginPageTest -->
    </test> <!-- Default test -->
  </suite> <!-- Default suite -->
</testng-results>
