<?xml version="1.0" encoding="UTF-8"?>
<testng-results ignored="0" total="1" passed="1" failed="0" skipped="0">
  <reporter-output>
  </reporter-output>
  <suite started-at="2022-06-29T17:44:34 IST" name="Default suite" finished-at="2022-06-29T17:45:41 IST" duration-ms="66608">
    <groups>
    </groups>
    <test started-at="2022-06-29T17:44:34 IST" name="Default test" finished-at="2022-06-29T17:45:41 IST" duration-ms="66608">
      <class name="learn.FindBrokenLink">
        <test-method is-config="true" signature="BeforeTest()[pri:0, instance:learn.FindBrokenLink@52af26ee]" started-at="2022-06-29T17:44:34 IST" name="BeforeTest" finished-at="2022-06-29T17:44:41 IST" duration-ms="7132" status="PASS">
          <reporter-output>
          </reporter-output>
        </test-method> <!-- BeforeTest -->
        <test-method signature="findBrokenLinks()[pri:0, instance:learn.FindBrokenLink@52af26ee]" started-at="2022-06-29T17:44:41 IST" name="findBrokenLinks" finished-at="2022-06-29T17:45:38 IST" duration-ms="57226" status="PASS">
          <reporter-output>
          </reporter-output>
        </test-method> <!-- findBrokenLinks -->
        <test-method is-config="true" signature="tearDown()[pri:0, instance:learn.FindBrokenLink@52af26ee]" started-at="2022-06-29T17:45:38 IST" name="tearDown" finished-at="2022-06-29T17:45:41 IST" duration-ms="2183" status="PASS">
          <reporter-output>
          </reporter-output>
        </test-method> <!-- tearDown -->
      </class> <!-- learn.FindBrokenLink -->
    </test> <!-- Default test -->
  </suite> <!-- Default suite -->
</testng-results>
